
> gullyguide@0.1.0 build
> next build

  ▲ Next.js 14.2.14

   Creating an optimized production build ...
Failed to compile.

app\layout.js
An error occurred in `next/font`.

Error: Cannot find module 'autoprefixer'
Require stack:
- C:\Users\devv\OneDrive\Desktop\gullyguide\node_modules\next\dist\build\webpack\config\blocks\css\plugins.js
- C:\Users\devv\OneDrive\Desktop\gullyguide\node_modules\next\dist\build\webpack\config\blocks\css\index.js
- C:\Users\devv\OneDrive\Desktop\gullyguide\node_modules\next\dist\build\webpack\config\index.js
- C:\Users\devv\OneDrive\Desktop\gullyguide\node_modules\next\dist\build\webpack-config.js
- C:\Users\devv\OneDrive\Desktop\gullyguide\node_modules\next\dist\build\webpack-build\impl.js
- C:\Users\devv\OneDrive\Desktop\gullyguide\node_modules\next\dist\compiled\jest-worker\processChild.js
    at Module.<anonymous> (node:internal/modules/cjs/loader:1456:15)
    at C:\Users\devv\OneDrive\Desktop\gullyguide\node_modules\next\dist\server\require-hook.js:55:36
    at require.resolve (node:internal/modules/helpers:163:19)
    at loadPlugin (C:\Users\devv\OneDrive\Desktop\gullyguide\node_modules\next\dist\build\webpack\config\blocks\css\plugins.js:49:32)
    at C:\Users\devv\OneDrive\Desktop\gullyguide\node_modules\next\dist\build\webpack\config\blocks\css\plugins.js:157:56
    at Array.map (<anonymous>)
    at getPostCssPlugins (C:\Users\devv\OneDrive\Desktop\gullyguide\node_modules\next\dist\build\webpack\config\blocks\css\plugins.js:157:47)
    at async C:\Users\devv\OneDrive\Desktop\gullyguide\node_modules\next\dist\build\webpack\config\blocks\css\index.js:124:36
    at async C:\Users\devv\OneDrive\Desktop\gullyguide\node_modules\next\dist\build\webpack\loaders\next-font-loader\index.js:86:33
    at async Span.traceAsyncFn (C:\Users\devv\OneDrive\Desktop\gullyguide\node_modules\next\dist\trace\trace.js:154:20)


> Build failed because of webpack errors
